21:42:14.896 [main] INFO  testCases.TC_001_AccountRegistrationTest - ***  Starting TC_001_AccountRegistrationTest ***
21:42:15.174 [main] INFO  testCases.TC_001_AccountRegistrationTest - Clicked on My account link
21:42:15.986 [main] INFO  testCases.TC_001_AccountRegistrationTest - Clicked on register link
21:42:15.991 [main] INFO  testCases.TC_001_AccountRegistrationTest - Providing customer data
21:42:16.721 [main] INFO  testCases.TC_001_AccountRegistrationTest - Clicked on continue
21:42:17.405 [main] INFO  testCases.TC_001_AccountRegistrationTest - Validating expected message
21:42:17.409 [main] INFO  testCases.TC_001_AccountRegistrationTest - ***  Finished TC_001_AccountRegistrationTest ***
21:42:20.030 [main] INFO  testCases.TC_002_LoginTest - Starting TC_002_LoginTest
21:42:20.186 [main] INFO  testCases.TC_002_LoginTest - Click on My Account
21:42:20.957 [main] INFO  testCases.TC_002_LoginTest - Click on login link
21:42:20.959 [main] INFO  testCases.TC_002_LoginTest - Provide login detail
21:42:21.343 [main] INFO  testCases.TC_002_LoginTest - Click on Login button
21:42:22.050 [main] INFO  testCases.TC_002_LoginTest -  Finished TC_002_LoginTest
21:42:27.018 [main] INFO  testCases.TC_003_LoginDataDrivenTest -  Starting TC_003_LoginDataDrivenTest 
21:42:39.505 [main] INFO  testCases.TC_003_LoginDataDrivenTest -  Finished TC_003_LoginDataDrivenTest
21:42:39.505 [main] INFO  testCases.TC_003_LoginDataDrivenTest -  Starting TC_003_LoginDataDrivenTest 
21:42:50.475 [main] INFO  testCases.TC_003_LoginDataDrivenTest -  Finished TC_003_LoginDataDrivenTest
21:42:50.480 [main] INFO  testCases.TC_003_LoginDataDrivenTest -  Starting TC_003_LoginDataDrivenTest 
21:43:01.435 [main] INFO  testCases.TC_003_LoginDataDrivenTest -  Finished TC_003_LoginDataDrivenTest
21:43:01.435 [main] INFO  testCases.TC_003_LoginDataDrivenTest -  Starting TC_003_LoginDataDrivenTest 
21:43:12.325 [main] INFO  testCases.TC_003_LoginDataDrivenTest -  Finished TC_003_LoginDataDrivenTest
21:43:12.325 [main] INFO  testCases.TC_003_LoginDataDrivenTest -  Starting TC_003_LoginDataDrivenTest 
21:43:14.215 [main] INFO  testCases.TC_003_LoginDataDrivenTest -  Finished TC_003_LoginDataDrivenTest
21:43:16.974 [main] INFO  testCases.TC_004_SearchProductTest -  Starting TC_004_SearchProductTest 
21:43:18.755 [main] INFO  testCases.TC_004_SearchProductTest -  Finished TC_004_SearchProductTest 
21:43:21.293 [main] INFO  testCases.TC_005_AddToCartPageTest -  Starting TC_005_AddToCartPageTest 
21:43:24.706 [main] INFO  testCases.TC_005_AddToCartPageTest -  Finished TC_005_AddToCartPageTest 
21:43:27.334 [main] INFO  testCases.TC_006_EndToEndTest -  Starting TC_006_EndToEndTest 
21:44:25.855 [main] INFO  testCases.TC_006_EndToEndTest -  Finished TC_006_EndToEndTest 
